<?xml version="1.0" encoding="UTF-8"?>
<!-- Generated by org.testng.reporters.JUnitReportReporter -->
<testsuite hostname="LAPTOP-5C0DU07N" failures="0" tests="1" name="com.juaracoding.selenium.authentications.SignInWithoutPasswordTest" time="6.294" errors="0" timestamp="2025-05-22T20:20:30 WIB" skipped="0">
  <testcase classname="com.juaracoding.selenium.authentications.SignInWithoutPasswordTest" name="testStep01" time="6.294"/>
</testsuite> <!-- com.juaracoding.selenium.authentications.SignInWithoutPasswordTest -->
