<?xml version="1.0" encoding="UTF-8"?>
<!-- Generated by org.testng.reporters.JUnitReportReporter -->
<testsuite hostname="LAPTOP-5C0DU07N" failures="0" tests="1" name="com.juaracoding.selenium.drag_and_drop.testCases.DragAndDropTest" time="8.020" errors="0" timestamp="2025-05-25T21:32:10 WIB" skipped="0">
  <testcase classname="com.juaracoding.selenium.drag_and_drop.testCases.DragAndDropTest" name="dragAndDropTest" time="8.020"/>
</testsuite> <!-- com.juaracoding.selenium.drag_and_drop.testCases.DragAndDropTest -->
