<?xml version="1.0" encoding="UTF-8"?>
<!-- Generated by org.testng.reporters.JUnitReportReporter -->
<testsuite hostname="LAPTOP-5C0DU07N" failures="0" tests="2" name="com.juaracoding.selenium.drag_and_drop.testCases.DragAndDropTest" time="5.363" errors="0" timestamp="2025-05-26T21:01:01 WIB" skipped="0">
  <testcase classname="com.juaracoding.selenium.drag_and_drop.testCases.DragAndDropTest" name="dragAndDropTest" time="3.100">
    <system-out>
      <![CDATA[<a href='D:\eclipse-workspace\selenium/screenshots/dragAndDropTest_before.png' target='_blank'>Screnshoot</a>
<br /><img src='D:\eclipse-workspace\selenium/screenshots/dragAndDropTest_before.png' style='width: 20vw;' />
<a href='D:\eclipse-workspace\selenium/screenshots/dragAndDropTest_after.png' target='_blank'>Screnshoot</a>
<br /><img src='D:\eclipse-workspace\selenium/screenshots/dragAndDropTest_after.png' style='width: 20vw;' />]]>
    </system-out>
  </testcase> <!-- dragAndDropTest -->
  <testcase classname="com.juaracoding.selenium.drag_and_drop.testCases.DragAndDropTest" name="dragAndDropToBeginning" time="2.263">
    <system-out>
      <![CDATA[<a href='D:\eclipse-workspace\selenium/screenshots/dragAndDropToBeginning_before.png' target='_blank'>Screnshoot</a>
<br /><img src='D:\eclipse-workspace\selenium/screenshots/dragAndDropToBeginning_before.png' style='width: 20vw;' />
<a href='D:\eclipse-workspace\selenium/screenshots/dragAndDropToBeginning_after.png' target='_blank'>Screnshoot</a>
<br /><img src='D:\eclipse-workspace\selenium/screenshots/dragAndDropToBeginning_after.png' style='width: 20vw;' />]]>
    </system-out>
  </testcase> <!-- dragAndDropToBeginning -->
  <system-out>
    <![CDATA[Gagal ngambil screenshot: Cannot invoke "org.openqa.selenium.TakesScreenshot.getScreenshotAs(org.openqa.selenium.OutputType)" because "driver" is null
<a href='D:\eclipse-workspace\selenium/screenshots/setup_after.png' target='_blank'>Screnshoot</a>
<br /><img src='D:\eclipse-workspace\selenium/screenshots/setup_after.png' style='width: 20vw;' />
<a href='D:\eclipse-workspace\selenium/screenshots/dragAndDropTest_before.png' target='_blank'>Screnshoot</a>
<br /><img src='D:\eclipse-workspace\selenium/screenshots/dragAndDropTest_before.png' style='width: 20vw;' />
<a href='D:\eclipse-workspace\selenium/screenshots/dragAndDropTest_after.png' target='_blank'>Screnshoot</a>
<br /><img src='D:\eclipse-workspace\selenium/screenshots/dragAndDropTest_after.png' style='width: 20vw;' />
<a href='D:\eclipse-workspace\selenium/screenshots/dragAndDropToBeginning_before.png' target='_blank'>Screnshoot</a>
<br /><img src='D:\eclipse-workspace\selenium/screenshots/dragAndDropToBeginning_before.png' style='width: 20vw;' />
<a href='D:\eclipse-workspace\selenium/screenshots/dragAndDropToBeginning_after.png' target='_blank'>Screnshoot</a>
<br /><img src='D:\eclipse-workspace\selenium/screenshots/dragAndDropToBeginning_after.png' style='width: 20vw;' />
<a href='D:\eclipse-workspace\selenium/screenshots/tearDown_before.png' target='_blank'>Screnshoot</a>
<br /><img src='D:\eclipse-workspace\selenium/screenshots/tearDown_before.png' style='width: 20vw;' />
Gagal ngambil screenshot: Session ID is null. Using WebDriver after calling quit()?
Build info: version: '4.32.0', revision: 'd17c8aa950'
System info: os.name: 'Windows 11', os.arch: 'amd64', os.version: '10.0', java.version: '22'
Driver info: org.openqa.selenium.chrome.ChromeDriver
Command: [null, screenshot {}]
Capabilities {acceptInsecureCerts: false, browserName: chrome, browserVersion: 136.0.7103.114, chrome: {chromedriverVersion: 136.0.7103.113 (76fa3c17824..., userDataDir: C:\Users\USER\AppData\Local...}, fedcm:accounts: true, goog:chromeOptions: {debuggerAddress: localhost:35740}, networkConnectionEnabled: false, pageLoadStrategy: normal, platformName: windows, proxy: Proxy(), se:cdp: ws://localhost:35740/devtoo..., se:cdpVersion: 136.0.7103.114, setWindowRect: true, strictFileInteractability: false, timeouts: {implicit: 0, pageLoad: 300000, script: 30000}, unhandledPromptBehavior: dismiss and notify, webauthn:extension:credBlob: true, webauthn:extension:largeBlob: true, webauthn:extension:minPinLength: true, webauthn:extension:prf: true, webauthn:virtualAuthenticators: true}]]>
  </system-out>
</testsuite> <!-- com.juaracoding.selenium.drag_and_drop.testCases.DragAndDropTest -->
